[2019-11-29T13:49:02,629][WARN ][o.e.h.n.Netty4HttpServerTransport] [osz1Bu-] caught exception while handling client http traffic, closing connection [id: 0x7b37e01f, L:/127.0.0.1:7992 - R:/127.0.0.1:51014]
java.io.IOException: Istniejące połączenie zostało gwałtownie zamknięte przez zdalnego hosta
	at sun.nio.ch.SocketDispatcher.read0(Native Method) ~[?:?]
	at sun.nio.ch.SocketDispatcher.read(SocketDispatcher.java:43) ~[?:?]
	at sun.nio.ch.IOUtil.readIntoNativeBuffer(IOUtil.java:223) ~[?:?]
	at sun.nio.ch.IOUtil.read(IOUtil.java:197) ~[?:?]
	at sun.nio.ch.SocketChannelImpl.read(SocketChannelImpl.java:380) ~[?:?]
	at io.netty.buffer.PooledHeapByteBuf.setBytes(PooledHeapByteBuf.java:261) ~[netty-buffer-4.1.11.Final.jar:4.1.11.Final]
	at io.netty.buffer.AbstractByteBuf.writeBytes(AbstractByteBuf.java:1100) ~[netty-buffer-4.1.11.Final.jar:4.1.11.Final]
	at io.netty.channel.socket.nio.NioSocketChannel.doReadBytes(NioSocketChannel.java:372) ~[netty-transport-4.1.11.Final.jar:4.1.11.Final]
	at io.netty.channel.nio.AbstractNioByteChannel$NioByteUnsafe.read(AbstractNioByteChannel.java:123) [netty-transport-4.1.11.Final.jar:4.1.11.Final]
	at io.netty.channel.nio.NioEventLoop.processSelectedKey(NioEventLoop.java:644) [netty-transport-4.1.11.Final.jar:4.1.11.Final]
	at io.netty.channel.nio.NioEventLoop.processSelectedKeysPlain(NioEventLoop.java:544) [netty-transport-4.1.11.Final.jar:4.1.11.Final]
	at io.netty.channel.nio.NioEventLoop.processSelectedKeys(NioEventLoop.java:498) [netty-transport-4.1.11.Final.jar:4.1.11.Final]
	at io.netty.channel.nio.NioEventLoop.run(NioEventLoop.java:458) [netty-transport-4.1.11.Final.jar:4.1.11.Final]
	at io.netty.util.concurrent.SingleThreadEventExecutor$5.run(SingleThreadEventExecutor.java:858) [netty-common-4.1.11.Final.jar:4.1.11.Final]
	at java.lang.Thread.run(Thread.java:748) [?:1.8.0_162]
[2019-11-29T14:02:27,148][INFO ][o.e.n.Node               ] [] initializing ...
[2019-11-29T14:02:27,203][ERROR][o.e.b.Bootstrap          ] Exception
java.lang.IllegalStateException: failed to obtain node locks, tried [[C:\git-projects\linking-with-issue-tracker\target\bitbucket\home\search\data\elasticsearch]] with lock id [0]; maybe these locations are not writable or multiple nodes were started without increasing [node.max_local_storage_nodes] (was [1])?
	at org.elasticsearch.env.NodeEnvironment.<init>(NodeEnvironment.java:261) ~[elasticsearch-5.5.3.jar:5.5.3]
	at org.elasticsearch.node.Node.<init>(Node.java:264) ~[elasticsearch-5.5.3.jar:5.5.3]
	at org.elasticsearch.node.Node.<init>(Node.java:244) ~[elasticsearch-5.5.3.jar:5.5.3]
	at org.elasticsearch.bootstrap.Bootstrap$5.<init>(Bootstrap.java:232) ~[elasticsearch-5.5.3.jar:5.5.3]
	at org.elasticsearch.bootstrap.Bootstrap.setup(Bootstrap.java:232) ~[elasticsearch-5.5.3.jar:5.5.3]
	at org.elasticsearch.bootstrap.Bootstrap.init(Bootstrap.java:351) [elasticsearch-5.5.3.jar:5.5.3]
	at org.elasticsearch.bootstrap.Elasticsearch.init(Elasticsearch.java:123) [elasticsearch-5.5.3.jar:5.5.3]
	at org.elasticsearch.bootstrap.Elasticsearch.execute(Elasticsearch.java:114) [elasticsearch-5.5.3.jar:5.5.3]
	at org.elasticsearch.cli.EnvironmentAwareCommand.execute(EnvironmentAwareCommand.java:67) [elasticsearch-5.5.3.jar:5.5.3]
	at org.elasticsearch.cli.Command.mainWithoutErrorHandling(Command.java:122) [elasticsearch-5.5.3.jar:5.5.3]
	at org.elasticsearch.cli.Command.main(Command.java:88) [elasticsearch-5.5.3.jar:5.5.3]
	at org.elasticsearch.bootstrap.Elasticsearch.main(Elasticsearch.java:91) [elasticsearch-5.5.3.jar:5.5.3]
	at org.elasticsearch.bootstrap.Elasticsearch.main(Elasticsearch.java:84) [elasticsearch-5.5.3.jar:5.5.3]
[2019-11-29T14:02:27,210][WARN ][o.e.b.ElasticsearchUncaughtExceptionHandler] [] uncaught exception in thread [main]
org.elasticsearch.bootstrap.StartupException: java.lang.IllegalStateException: failed to obtain node locks, tried [[C:\git-projects\linking-with-issue-tracker\target\bitbucket\home\search\data\elasticsearch]] with lock id [0]; maybe these locations are not writable or multiple nodes were started without increasing [node.max_local_storage_nodes] (was [1])?
	at org.elasticsearch.bootstrap.Elasticsearch.init(Elasticsearch.java:127) ~[elasticsearch-5.5.3.jar:5.5.3]
	at org.elasticsearch.bootstrap.Elasticsearch.execute(Elasticsearch.java:114) ~[elasticsearch-5.5.3.jar:5.5.3]
	at org.elasticsearch.cli.EnvironmentAwareCommand.execute(EnvironmentAwareCommand.java:67) ~[elasticsearch-5.5.3.jar:5.5.3]
	at org.elasticsearch.cli.Command.mainWithoutErrorHandling(Command.java:122) ~[elasticsearch-5.5.3.jar:5.5.3]
	at org.elasticsearch.cli.Command.main(Command.java:88) ~[elasticsearch-5.5.3.jar:5.5.3]
	at org.elasticsearch.bootstrap.Elasticsearch.main(Elasticsearch.java:91) ~[elasticsearch-5.5.3.jar:5.5.3]
	at org.elasticsearch.bootstrap.Elasticsearch.main(Elasticsearch.java:84) ~[elasticsearch-5.5.3.jar:5.5.3]
Caused by: java.lang.IllegalStateException: failed to obtain node locks, tried [[C:\git-projects\linking-with-issue-tracker\target\bitbucket\home\search\data\elasticsearch]] with lock id [0]; maybe these locations are not writable or multiple nodes were started without increasing [node.max_local_storage_nodes] (was [1])?
	at org.elasticsearch.env.NodeEnvironment.<init>(NodeEnvironment.java:261) ~[elasticsearch-5.5.3.jar:5.5.3]
	at org.elasticsearch.node.Node.<init>(Node.java:264) ~[elasticsearch-5.5.3.jar:5.5.3]
	at org.elasticsearch.node.Node.<init>(Node.java:244) ~[elasticsearch-5.5.3.jar:5.5.3]
	at org.elasticsearch.bootstrap.Bootstrap$5.<init>(Bootstrap.java:232) ~[elasticsearch-5.5.3.jar:5.5.3]
	at org.elasticsearch.bootstrap.Bootstrap.setup(Bootstrap.java:232) ~[elasticsearch-5.5.3.jar:5.5.3]
	at org.elasticsearch.bootstrap.Bootstrap.init(Bootstrap.java:351) ~[elasticsearch-5.5.3.jar:5.5.3]
	at org.elasticsearch.bootstrap.Elasticsearch.init(Elasticsearch.java:123) ~[elasticsearch-5.5.3.jar:5.5.3]
	... 6 more
